
  [32m[1mVITE[22m v6.4.3[39m  [2mready in [0m[1m1334[22m[2m[0m ms[22m

  [32m➜[39m  [1mLocal[22m:   [36mhttp://127.0.0.1:[1m5173[22m/[39m
[2m16:35:52[22m [36m[1m[vite][22m[39m [90m[2m(client)[22m[39m [32mhmr update [39m[2m/src/assets/styles/styles.css[22m
[2m16:35:52[22m [36m[1m[vite][22m[39m [90m[2m(client)[22m[39m [32mhmr update [39m[2m/src/assets/styles/styles.css[22m
[2m16:36:06[22m [36m[1m[vite][22m[39m [90m[2m(client)[22m[39m [32mhmr update [39m[2m/src/views/Ledger.vue[22m
[2m16:36:23[22m [36m[1m[vite][22m[39m [90m[2m(client)[22m[39m [32mhmr update [39m[2m/src/assets/styles/ledger.css[22m
[2m16:37:12[22m [36m[1m[vite][22m[39m [90m[2m(client)[22m[39m [32mhmr update [39m[2m/src/assets/styles/ledger.css[22m
[2m16:37:42[22m [36m[1m[vite][22m[39m [90m[2m(client)[22m[39m [32mhmr update [39m[2m/src/assets/styles/dashboard.css[22m
[2m16:38:03[22m [36m[1m[vite][22m[39m [90m[2m(client)[22m[39m [32mhmr update [39m[2m/src/assets/styles/auth.css[22m
[2m16:38:22[22m [36m[1m[vite][22m[39m [90m[2m(client)[22m[39m [32mhmr update [39m[2m/src/views/Blockchain.vue[22m
[2m16:38:36[22m [36m[1m[vite][22m[39m [90m[2m(client)[22m[39m [32mhmr update [39m[2m/src/views/Seal.vue[22m
[2m16:38:59[22m [36m[1m[vite][22m[39m [90m[2m(client)[22m[39m [32mhmr update [39m[2m/src/views/Archive.vue[22m
[2m16:39:09[22m [36m[1m[vite][22m[39m [90m[2m(client)[22m[39m [32mhmr update [39m[2m/src/assets/styles/seal.css[22m
[2m16:39:38[22m [36m[1m[vite][22m[39m [90m[2m(client)[22m[39m [32mhmr update [39m[2m/src/assets/styles/seal.css[22m
[2m16:39:47[22m [36m[1m[vite][22m[39m [90m[2m(client)[22m[39m [32mhmr update [39m[2m/src/assets/styles/archive.css[22m
[2m16:40:09[22m [36m[1m[vite][22m[39m [90m[2m(client)[22m[39m [32mhmr update [39m[2m/src/assets/styles/archive.css[22m
[2m16:40:22[22m [36m[1m[vite][22m[39m [90m[2m(client)[22m[39m [32mhmr update [39m[2m/src/assets/styles/approval.css[22m
[2m16:40:39[22m [36m[1m[vite][22m[39m [90m[2m(client)[22m[39m [32mhmr update [39m[2m/src/assets/styles/risk.css[22m
[2m16:41:02[22m [36m[1m[vite][22m[39m [90m[2m(client)[22m[39m [32mhmr update [39m[2m/src/assets/styles/fulfillment.css[22m
[2m16:57:53[22m [36m[1m[vite][22m[39m [90m[2m(client)[22m[39m [32mhmr update [39m[2m/src/assets/styles/edit.css[22m
[2m17:01:42[22m [36m[1m[vite][22m[39m [90m[2m(client)[22m[39m [32mhmr update [39m[2m/src/assets/styles/edit.css[22m
[2m17:03:02[22m [36m[1m[vite][22m[39m [90m[2m(client)[22m[39m [32mhmr update [39m[2m/src/assets/styles/edit.css[22m
[2m18:11:39[22m [36m[1m[vite][22m[39m [90m[2m(client)[22m[39m [32mpage reload [39m[2msrc/main.js[22m
[2m18:12:07[22m [36m[1m[vite][22m[39m [90m[2m(client)[22m[39m [32mpage reload [39m[2msrc/router/index.js[22m
[2m18:12:25[22m [36m[1m[vite][22m[39m [90m[2m(client)[22m[39m [32mhmr update [39m[2m/src/views/Login.vue, /src/views/Register.vue, /src/views/Draft.vue, /src/views/Dashboard.vue, /src/views/Edit.vue, /src/views/Templates.vue, /src/views/Risk.vue, /src/views/Ledger.vue, /src/views/Approval.vue, /src/views/Archive.vue, /src/views/Signature.vue, /src/views/Seal.vue, /src/views/Users.vue, /src/views/Blockchain.vue, /src/views/Fulfillment.vue[22m
[2m18:12:50[22m [36m[1m[vite][22m[39m [90m[2m(client)[22m[39m [32mpage reload [39m[2msrc/legacy/common-globals.js[22m
[2m18:13:28[22m [36m[1m[vite][22m[39m [90m[2m(client)[22m[39m [32mhmr update [39m[2m/src/views/Login.vue, /src/views/Register.vue, /src/views/Draft.vue, /src/views/Dashboard.vue, /src/views/Edit.vue, /src/views/Templates.vue, /src/views/Risk.vue, /src/views/Ledger.vue, /src/views/Approval.vue, /src/views/Archive.vue, /src/views/Signature.vue, /src/views/Seal.vue, /src/views/Users.vue, /src/views/Blockchain.vue, /src/views/Fulfillment.vue[22m
[2m18:14:19[22m [36m[1m[vite][22m[39m [90m[2m(client)[22m[39m [32mhmr update [39m[2m/src/views/Login.vue, /src/views/Register.vue, /src/views/Draft.vue, /src/views/Dashboard.vue, /src/views/Edit.vue, /src/views/Templates.vue, /src/views/Risk.vue, /src/views/Ledger.vue, /src/views/Approval.vue, /src/views/Archive.vue, /src/views/Signature.vue, /src/views/Seal.vue, /src/views/Users.vue, /src/views/Blockchain.vue, /src/views/Fulfillment.vue[22m
[2m18:16:23[22m [36m[1m[vite][22m[39m [90m[2m(client)[22m[39m [32mhmr update [39m[2m/src/views/Login.vue, /src/views/Register.vue, /src/views/Draft.vue, /src/views/Dashboard.vue, /src/views/Edit.vue, /src/views/Templates.vue, /src/views/Risk.vue, /src/views/Ledger.vue, /src/views/Approval.vue, /src/views/Archive.vue, /src/views/Signature.vue, /src/views/Seal.vue, /src/views/Users.vue, /src/views/Blockchain.vue, /src/views/Fulfillment.vue[22m
[2m18:53:40[22m [36m[1m[vite][22m[39m [90m[2m(client)[22m[39m [32mhmr update [39m[2m/src/assets/styles/edit.css[22m
[2m18:53:43[22m [36m[1m[vite][22m[39m [90m[2m(client)[22m[39m [32mhmr update [39m[2m/src/assets/styles/edit.css[22m
[2m18:56:38[22m [36m[1m[vite][22m[39m [90m[2m(client)[22m[39m [32mhmr update [39m[2m/src/views/Login.vue, /src/views/Register.vue, /src/views/Draft.vue, /src/views/Dashboard.vue, /src/views/Edit.vue, /src/views/Templates.vue, /src/views/Risk.vue, /src/views/Ledger.vue, /src/views/Approval.vue, /src/views/Archive.vue, /src/views/Signature.vue, /src/views/Seal.vue, /src/views/Users.vue, /src/views/Blockchain.vue, /src/views/Fulfillment.vue, /src/views/Audit.vue[22m
[2m18:56:53[22m [36m[1m[vite][22m[39m [90m[2m(client)[22m[39m [32mhmr update [39m[2m/src/views/Login.vue, /src/views/Register.vue, /src/views/Draft.vue, /src/views/Dashboard.vue, /src/views/Edit.vue, /src/views/Templates.vue, /src/views/Risk.vue, /src/views/Ledger.vue, /src/views/Approval.vue, /src/views/Archive.vue, /src/views/Signature.vue, /src/views/Seal.vue, /src/views/Users.vue, /src/views/Blockchain.vue, /src/views/Fulfillment.vue, /src/views/Audit.vue[22m
[2m18:57:20[22m [36m[1m[vite][22m[39m [90m[2m(client)[22m[39m [32mhmr update [39m[2m/src/views/Login.vue, /src/views/Register.vue, /src/views/Draft.vue, /src/views/Dashboard.vue, /src/views/Edit.vue, /src/views/Templates.vue, /src/views/Risk.vue, /src/views/Ledger.vue, /src/views/Approval.vue, /src/views/Archive.vue, /src/views/Signature.vue, /src/views/Seal.vue, /src/views/Users.vue, /src/views/Blockchain.vue, /src/views/Fulfillment.vue, /src/views/Audit.vue[22m
[2m18:57:26[22m [36m[1m[vite][22m[39m [90m[2m(client)[22m[39m [32mhmr update [39m[2m/src/views/Login.vue, /src/views/Register.vue, /src/views/Draft.vue, /src/views/Dashboard.vue, /src/views/Edit.vue, /src/views/Templates.vue, /src/views/Risk.vue, /src/views/Ledger.vue, /src/views/Approval.vue, /src/views/Archive.vue, /src/views/Signature.vue, /src/views/Seal.vue, /src/views/Users.vue, /src/views/Blockchain.vue, /src/views/Fulfillment.vue, /src/views/Audit.vue[22m
[2m18:57:29[22m [36m[1m[vite][22m[39m [90m[2m(client)[22m[39m [32mhmr update [39m[2m/src/views/Login.vue, /src/views/Register.vue, /src/views/Draft.vue, /src/views/Dashboard.vue, /src/views/Edit.vue, /src/views/Templates.vue, /src/views/Risk.vue, /src/views/Ledger.vue, /src/views/Approval.vue, /src/views/Archive.vue, /src/views/Signature.vue, /src/views/Seal.vue, /src/views/Users.vue, /src/views/Blockchain.vue, /src/views/Fulfillment.vue, /src/views/Audit.vue[22m
[2m18:57:46[22m [36m[1m[vite][22m[39m [90m[2m(client)[22m[39m [32mhmr update [39m[2m/src/views/Edit.vue[22m
[2m18:58:02[22m [36m[1m[vite][22m[39m [90m[2m(client)[22m[39m [32mhmr update [39m[2m/src/assets/styles/edit.css[22m
[2m18:59:50[22m [36m[1m[vite][22m[39m [90m[2m(client)[22m[39m [32mhmr update [39m[2m/src/assets/styles/edit.css[22m
[2m19:36:01[22m [36m[1m[vite][22m[39m [90m[2m(client)[22m[39m [32mhmr update [39m[2m/src/assets/styles/edit.css[22m
[2m19:36:05[22m [36m[1m[vite][22m[39m [90m[2m(client)[22m[39m [32mhmr update [39m[2m/src/assets/styles/edit.css[22m
[2m19:36:12[22m [36m[1m[vite][22m[39m [90m[2m(client)[22m[39m [32mhmr update [39m[2m/src/views/Login.vue, /src/views/Register.vue, /src/views/Draft.vue, /src/views/Dashboard.vue, /src/views/Edit.vue, /src/views/Templates.vue, /src/views/Risk.vue, /src/views/Ledger.vue, /src/views/Approval.vue, /src/views/Archive.vue, /src/views/Signature.vue, /src/views/Seal.vue, /src/views/Users.vue, /src/views/Blockchain.vue, /src/views/Fulfillment.vue, /src/views/Audit.vue[22m
[2m19:38:13[22m [36m[1m[vite][22m[39m [90m[2m(client)[22m[39m [32mhmr update [39m[2m/src/assets/styles/edit.css[22m
[2m19:38:19[22m [36m[1m[vite][22m[39m [90m[2m(client)[22m[39m [32mhmr update [39m[2m/src/assets/styles/edit.css[22m
[2m19:38:23[22m [36m[1m[vite][22m[39m [90m[2m(client)[22m[39m [32mhmr update [39m[2m/src/assets/styles/edit.css[22m
[2m19:40:29[22m [36m[1m[vite][22m[39m [90m[2m(client)[22m[39m [32mhmr update [39m[2m/src/assets/styles/edit.css[22m
[2m19:40:33[22m [36m[1m[vite][22m[39m [90m[2m(client)[22m[39m [32mhmr update [39m[2m/src/assets/styles/edit.css[22m
[2m19:43:09[22m [36m[1m[vite][22m[39m [90m[2m(client)[22m[39m [32mhmr update [39m[2m/src/assets/styles/edit.css[22m
[2m20:02:56[22m [36m[1m[vite][22m[39m [90m[2m(client)[22m[39m [32mhmr update [39m[2m/src/views/Login.vue, /src/views/Register.vue, /src/views/Draft.vue, /src/views/Dashboard.vue, /src/views/Edit.vue, /src/views/Templates.vue, /src/views/Risk.vue, /src/views/Ledger.vue, /src/views/Approval.vue, /src/views/Archive.vue, /src/views/Signature.vue, /src/views/Seal.vue, /src/views/Users.vue, /src/views/Blockchain.vue, /src/views/Fulfillment.vue, /src/views/Audit.vue[22m
[2m20:03:06[22m [36m[1m[vite][22m[39m [90m[2m(client)[22m[39m [32mhmr update [39m[2m/src/views/Login.vue, /src/views/Register.vue, /src/views/Draft.vue, /src/views/Dashboard.vue, /src/views/Edit.vue, /src/views/Templates.vue, /src/views/Risk.vue, /src/views/Ledger.vue, /src/views/Approval.vue, /src/views/Archive.vue, /src/views/Signature.vue, /src/views/Seal.vue, /src/views/Users.vue, /src/views/Blockchain.vue, /src/views/Fulfillment.vue, /src/views/Audit.vue[22m
[2m20:03:15[22m [36m[1m[vite][22m[39m [90m[2m(client)[22m[39m [32mhmr update [39m[2m/src/views/Login.vue, /src/views/Register.vue, /src/views/Draft.vue, /src/views/Dashboard.vue, /src/views/Edit.vue, /src/views/Templates.vue, /src/views/Risk.vue, /src/views/Ledger.vue, /src/views/Approval.vue, /src/views/Archive.vue, /src/views/Signature.vue, /src/views/Seal.vue, /src/views/Users.vue, /src/views/Blockchain.vue, /src/views/Fulfillment.vue, /src/views/Audit.vue[22m
[2m20:04:05[22m [36m[1m[vite][22m[39m [90m[2m(client)[22m[39m [32mhmr update [39m[2m/src/views/Login.vue, /src/views/Register.vue, /src/views/Draft.vue, /src/views/Dashboard.vue, /src/views/Edit.vue, /src/views/Templates.vue, /src/views/Risk.vue, /src/views/Ledger.vue, /src/views/Approval.vue, /src/views/Archive.vue, /src/views/Signature.vue, /src/views/Seal.vue, /src/views/Users.vue, /src/views/Blockchain.vue, /src/views/Fulfillment.vue, /src/views/Audit.vue[22m
[2m20:21:24[22m [36m[1m[vite][22m[39m [90m[2m(client)[22m[39m [32mhmr update [39m[2m/src/views/Login.vue, /src/views/Register.vue, /src/views/Draft.vue, /src/views/Dashboard.vue, /src/views/Edit.vue, /src/views/Templates.vue, /src/views/Risk.vue, /src/views/Ledger.vue, /src/views/Approval.vue, /src/views/Archive.vue, /src/views/Signature.vue, /src/views/Seal.vue, /src/views/Users.vue, /src/views/Blockchain.vue, /src/views/Fulfillment.vue, /src/views/Audit.vue[22m
[2m20:22:16[22m [36m[1m[vite][22m[39m [90m[2m(client)[22m[39m [32mhmr update [39m[2m/src/assets/styles/edit.css[22m
[2m20:22:23[22m [36m[1m[vite][22m[39m [90m[2m(client)[22m[39m [32mhmr update [39m[2m/src/assets/styles/edit.css[22m
[2m20:27:49[22m [36m[1m[vite][22m[39m [90m[2m(client)[22m[39m [32mhmr update [39m[2m/src/views/Login.vue, /src/views/Register.vue, /src/views/Draft.vue, /src/views/Dashboard.vue, /src/views/Edit.vue, /src/views/Templates.vue, /src/views/Risk.vue, /src/views/Ledger.vue, /src/views/Approval.vue, /src/views/Archive.vue, /src/views/Signature.vue, /src/views/Seal.vue, /src/views/Users.vue, /src/views/Blockchain.vue, /src/views/Fulfillment.vue, /src/views/Audit.vue[22m
[2m20:27:56[22m [36m[1m[vite][22m[39m [90m[2m(client)[22m[39m [32mhmr update [39m[2m/src/views/Login.vue, /src/views/Register.vue, /src/views/Draft.vue, /src/views/Dashboard.vue, /src/views/Edit.vue, /src/views/Templates.vue, /src/views/Risk.vue, /src/views/Ledger.vue, /src/views/Approval.vue, /src/views/Archive.vue, /src/views/Signature.vue, /src/views/Seal.vue, /src/views/Users.vue, /src/views/Blockchain.vue, /src/views/Fulfillment.vue, /src/views/Audit.vue[22m
[2m20:28:04[22m [36m[1m[vite][22m[39m [90m[2m(client)[22m[39m [32mhmr update [39m[2m/src/views/Login.vue, /src/views/Register.vue, /src/views/Draft.vue, /src/views/Dashboard.vue, /src/views/Edit.vue, /src/views/Templates.vue, /src/views/Risk.vue, /src/views/Ledger.vue, /src/views/Approval.vue, /src/views/Archive.vue, /src/views/Signature.vue, /src/views/Seal.vue, /src/views/Users.vue, /src/views/Blockchain.vue, /src/views/Fulfillment.vue, /src/views/Audit.vue[22m
[2m20:32:29[22m [36m[1m[vite][22m[39m [90m[2m(client)[22m[39m [32mhmr update [39m[2m/src/assets/styles/edit.css[22m
[2m20:32:45[22m [36m[1m[vite][22m[39m [90m[2m(client)[22m[39m [32mhmr update [39m[2m/src/assets/styles/edit.css[22m
[2m20:42:28[22m [36m[1m[vite][22m[39m [90m[2m(client)[22m[39m [32mhmr update [39m[2m/src/views/Login.vue, /src/views/Register.vue, /src/views/Draft.vue, /src/views/Dashboard.vue, /src/views/Edit.vue, /src/views/Templates.vue, /src/views/Risk.vue, /src/views/Ledger.vue, /src/views/Approval.vue, /src/views/Archive.vue, /src/views/Signature.vue, /src/views/Seal.vue, /src/views/Users.vue, /src/views/Blockchain.vue, /src/views/Fulfillment.vue, /src/views/Audit.vue[22m
[2m20:51:55[22m [36m[1m[vite][22m[39m [90m[2m(client)[22m[39m [32mhmr update [39m[2m/src/views/Login.vue, /src/views/Register.vue, /src/views/Draft.vue, /src/views/Dashboard.vue, /src/views/Edit.vue, /src/views/Templates.vue, /src/views/Risk.vue, /src/views/Ledger.vue, /src/views/Approval.vue, /src/views/Archive.vue, /src/views/Signature.vue, /src/views/Seal.vue, /src/views/Users.vue, /src/views/Blockchain.vue, /src/views/Fulfillment.vue, /src/views/Audit.vue[22m
[2m20:52:03[22m [36m[1m[vite][22m[39m [90m[2m(client)[22m[39m [32mhmr update [39m[2m/src/views/Login.vue, /src/views/Register.vue, /src/views/Draft.vue, /src/views/Dashboard.vue, /src/views/Edit.vue, /src/views/Templates.vue, /src/views/Risk.vue, /src/views/Ledger.vue, /src/views/Approval.vue, /src/views/Archive.vue, /src/views/Signature.vue, /src/views/Seal.vue, /src/views/Users.vue, /src/views/Blockchain.vue, /src/views/Fulfillment.vue, /src/views/Audit.vue[22m
[2m20:52:10[22m [36m[1m[vite][22m[39m [90m[2m(client)[22m[39m [32mhmr update [39m[2m/src/views/Login.vue, /src/views/Register.vue, /src/views/Draft.vue, /src/views/Dashboard.vue, /src/views/Edit.vue, /src/views/Templates.vue, /src/views/Risk.vue, /src/views/Ledger.vue, /src/views/Approval.vue, /src/views/Archive.vue, /src/views/Signature.vue, /src/views/Seal.vue, /src/views/Users.vue, /src/views/Blockchain.vue, /src/views/Fulfillment.vue, /src/views/Audit.vue[22m
[2m20:53:50[22m [36m[1m[vite][22m[39m [90m[2m(client)[22m[39m [32mhmr update [39m[2m/src/views/Login.vue, /src/views/Register.vue, /src/views/Draft.vue, /src/views/Dashboard.vue, /src/views/Edit.vue, /src/views/Templates.vue, /src/views/Risk.vue, /src/views/Ledger.vue, /src/views/Approval.vue, /src/views/Archive.vue, /src/views/Signature.vue, /src/views/Seal.vue, /src/views/Users.vue, /src/views/Blockchain.vue, /src/views/Fulfillment.vue, /src/views/Audit.vue[22m
[2m21:32:49[22m [36m[1m[vite][22m[39m [90m[2m(client)[22m[39m [32mhmr update [39m[2m/src/views/Login.vue, /src/views/Register.vue, /src/views/Draft.vue, /src/views/Dashboard.vue, /src/views/Edit.vue, /src/views/Templates.vue, /src/views/Risk.vue, /src/views/Ledger.vue, /src/views/Approval.vue, /src/views/Archive.vue, /src/views/Signature.vue, /src/views/Seal.vue, /src/views/Users.vue, /src/views/Blockchain.vue, /src/views/Fulfillment.vue, /src/views/Audit.vue[22m
[2m21:40:51[22m [36m[1m[vite][22m[39m [90m[2m(client)[22m[39m [32mhmr update [39m[2m/src/views/Login.vue, /src/views/Register.vue, /src/views/Draft.vue, /src/views/Dashboard.vue, /src/views/Edit.vue, /src/views/Templates.vue, /src/views/Risk.vue, /src/views/Ledger.vue, /src/views/Approval.vue, /src/views/Archive.vue, /src/views/Signature.vue, /src/views/Seal.vue, /src/views/Users.vue, /src/views/Blockchain.vue, /src/views/Fulfillment.vue, /src/views/Audit.vue[22m
[2m21:52:33[22m [36m[1m[vite][22m[39m [90m[2m(client)[22m[39m [32mhmr update [39m[2m/src/views/Login.vue, /src/views/Register.vue, /src/views/Draft.vue, /src/views/Dashboard.vue, /src/views/Edit.vue, /src/views/Templates.vue, /src/views/Risk.vue, /src/views/Ledger.vue, /src/views/Approval.vue, /src/views/Archive.vue, /src/views/Signature.vue, /src/views/Seal.vue, /src/views/Users.vue, /src/views/Blockchain.vue, /src/views/Fulfillment.vue, /src/views/Audit.vue[22m
[2m22:11:18[22m [36m[1m[vite][22m[39m [90m[2m(client)[22m[39m [32mhmr update [39m[2m/src/views/Login.vue, /src/views/Register.vue, /src/views/Draft.vue, /src/views/Dashboard.vue, /src/views/Edit.vue, /src/views/Templates.vue, /src/views/Risk.vue, /src/views/Ledger.vue, /src/views/Approval.vue, /src/views/Archive.vue, /src/views/Signature.vue, /src/views/Seal.vue, /src/views/Users.vue, /src/views/Blockchain.vue, /src/views/Fulfillment.vue, /src/views/Audit.vue[22m
[2m22:11:27[22m [36m[1m[vite][22m[39m [90m[2m(client)[22m[39m [32mhmr update [39m[2m/src/assets/styles/risk.css[22m
[2m22:14:09[22m [36m[1m[vite][22m[39m [90m[2m(client)[22m[39m [32mhmr update [39m[2m/src/views/Login.vue, /src/views/Register.vue, /src/views/Draft.vue, /src/views/Dashboard.vue, /src/views/Edit.vue, /src/views/Templates.vue, /src/views/Risk.vue, /src/views/Ledger.vue, /src/views/Approval.vue, /src/views/Archive.vue, /src/views/Signature.vue, /src/views/Seal.vue, /src/views/Users.vue, /src/views/Blockchain.vue, /src/views/Fulfillment.vue, /src/views/Audit.vue[22m
[2m22:14:19[22m [36m[1m[vite][22m[39m [90m[2m(client)[22m[39m [32mhmr update [39m[2m/src/assets/styles/risk.css[22m
[2m22:15:17[22m [36m[1m[vite][22m[39m [90m[2m(client)[22m[39m [32mhmr update [39m[2m/src/views/Login.vue, /src/views/Register.vue, /src/views/Draft.vue, /src/views/Dashboard.vue, /src/views/Edit.vue, /src/views/Templates.vue, /src/views/Risk.vue, /src/views/Ledger.vue, /src/views/Approval.vue, /src/views/Archive.vue, /src/views/Signature.vue, /src/views/Seal.vue, /src/views/Users.vue, /src/views/Blockchain.vue, /src/views/Fulfillment.vue, /src/views/Audit.vue[22m
[2m22:15:30[22m [36m[1m[vite][22m[39m [90m[2m(client)[22m[39m [32mhmr update [39m[2m/src/assets/styles/edit.css[22m
[2m22:17:49[22m [36m[1m[vite][22m[39m [90m[2m(client)[22m[39m [32mhmr update [39m[2m/src/views/Edit.vue[22m
[2m22:18:01[22m [36m[1m[vite][22m[39m [90m[2m(client)[22m[39m [32mhmr update [39m[2m/src/assets/styles/edit.css[22m
[2m22:18:23[22m [36m[1m[vite][22m[39m [90m[2m(client)[22m[39m [32mhmr update [39m[2m/src/assets/styles/edit.css[22m
[2m22:18:45[22m [36m[1m[vite][22m[39m [90m[2m(client)[22m[39m [32mhmr update [39m[2m/src/views/Login.vue, /src/views/Register.vue, /src/views/Draft.vue, /src/views/Dashboard.vue, /src/views/Edit.vue, /src/views/Templates.vue, /src/views/Risk.vue, /src/views/Ledger.vue, /src/views/Approval.vue, /src/views/Archive.vue, /src/views/Signature.vue, /src/views/Seal.vue, /src/views/Users.vue, /src/views/Blockchain.vue, /src/views/Fulfillment.vue, /src/views/Audit.vue[22m
[2m22:19:02[22m [36m[1m[vite][22m[39m [90m[2m(client)[22m[39m [32mhmr update [39m[2m/src/views/Login.vue, /src/views/Register.vue, /src/views/Draft.vue, /src/views/Dashboard.vue, /src/views/Edit.vue, /src/views/Templates.vue, /src/views/Risk.vue, /src/views/Ledger.vue, /src/views/Approval.vue, /src/views/Archive.vue, /src/views/Signature.vue, /src/views/Seal.vue, /src/views/Users.vue, /src/views/Blockchain.vue, /src/views/Fulfillment.vue, /src/views/Audit.vue[22m
[2m22:21:58[22m [36m[1m[vite][22m[39m [90m[2m(client)[22m[39m [32mhmr update [39m[2m/src/views/Edit.vue[22m
[2m22:22:10[22m [36m[1m[vite][22m[39m [90m[2m(client)[22m[39m [32mhmr update [39m[2m/src/views/Login.vue, /src/views/Register.vue, /src/views/Draft.vue, /src/views/Dashboard.vue, /src/views/Edit.vue, /src/views/Templates.vue, /src/views/Risk.vue, /src/views/Ledger.vue, /src/views/Approval.vue, /src/views/Archive.vue, /src/views/Signature.vue, /src/views/Seal.vue, /src/views/Users.vue, /src/views/Blockchain.vue, /src/views/Fulfillment.vue, /src/views/Audit.vue[22m
[2m22:22:35[22m [36m[1m[vite][22m[39m [90m[2m(client)[22m[39m [32mhmr update [39m[2m/src/assets/styles/edit.css[22m
[2m22:23:39[22m [36m[1m[vite][22m[39m [90m[2m(client)[22m[39m [32mhmr update [39m[2m/src/views/Login.vue, /src/views/Register.vue, /src/views/Draft.vue, /src/views/Dashboard.vue, /src/views/Edit.vue, /src/views/Templates.vue, /src/views/Risk.vue, /src/views/Ledger.vue, /src/views/Approval.vue, /src/views/Archive.vue, /src/views/Signature.vue, /src/views/Seal.vue, /src/views/Users.vue, /src/views/Blockchain.vue, /src/views/Fulfillment.vue, /src/views/Audit.vue[22m
[2m22:23:54[22m [36m[1m[vite][22m[39m [90m[2m(client)[22m[39m [32mhmr update [39m[2m/src/assets/styles/edit.css[22m
[2m22:24:03[22m [36m[1m[vite][22m[39m [90m[2m(client)[22m[39m [32mhmr update [39m[2m/src/assets/styles/edit.css[22m
[2m22:27:02[22m [36m[1m[vite][22m[39m [90m[2m(client)[22m[39m [32mhmr update [39m[2m/src/assets/styles/draft.css[22m
[2m22:27:20[22m [36m[1m[vite][22m[39m [90m[2m(client)[22m[39m [32mhmr update [39m[2m/src/assets/styles/templates.css[22m
[2m22:27:39[22m [36m[1m[vite][22m[39m [90m[2m(client)[22m[39m [32mhmr update [39m[2m/src/assets/styles/edit.css[22m
[2m22:29:14[22m [36m[1m[vite][22m[39m [90m[2m(client)[22m[39m [32mpage reload [39m[2msrc/legacy/common-globals.js[22m
[2m22:30:23[22m [36m[1m[vite][22m[39m [90m[2m(client)[22m[39m [32mhmr update [39m[2m/src/assets/styles/draft.css[22m
[2m22:30:41[22m [36m[1m[vite][22m[39m [90m[2m(client)[22m[39m [32mhmr update [39m[2m/src/assets/styles/templates.css[22m
[2m22:31:00[22m [36m[1m[vite][22m[39m [90m[2m(client)[22m[39m [32mhmr update [39m[2m/src/assets/styles/edit.css[22m
[2m22:31:24[22m [36m[1m[vite][22m[39m [90m[2m(client)[22m[39m [32mpage reload [39m[2msrc/legacy/common-globals.js[22m
[2m15:36:25[22m [36m[1m[vite][22m[39m [90m[2m(client)[22m[39m [32mhmr update [39m[2m/src/views/Users.vue[22m
[2m15:36:43[22m [36m[1m[vite][22m[39m [90m[2m(client)[22m[39m [32mhmr update [39m[2m/src/views/Users.vue[22m
[2m15:36:58[22m [36m[1m[vite][22m[39m [90m[2m(client)[22m[39m [32mhmr update [39m[2m/src/views/Users.vue[22m
[2m15:37:06[22m [36m[1m[vite][22m[39m [90m[2m(client)[22m[39m [32mhmr update [39m[2m/src/views/Login.vue, /src/views/Register.vue, /src/views/Draft.vue, /src/views/Dashboard.vue, /src/views/Edit.vue, /src/views/Templates.vue, /src/views/Risk.vue, /src/views/Ledger.vue, /src/views/Approval.vue, /src/views/Archive.vue, /src/views/Signature.vue, /src/views/Seal.vue, /src/views/Users.vue, /src/views/Blockchain.vue, /src/views/Fulfillment.vue, /src/views/Audit.vue[22m
[2m15:38:22[22m [36m[1m[vite][22m[39m [90m[2m(client)[22m[39m [32mhmr update [39m[2m/src/views/Login.vue, /src/views/Register.vue, /src/views/Draft.vue, /src/views/Dashboard.vue, /src/views/Edit.vue, /src/views/Templates.vue, /src/views/Risk.vue, /src/views/Ledger.vue, /src/views/Approval.vue, /src/views/Archive.vue, /src/views/Signature.vue, /src/views/Seal.vue, /src/views/Users.vue, /src/views/Blockchain.vue, /src/views/Fulfillment.vue, /src/views/Audit.vue[22m
[2m15:38:29[22m [36m[1m[vite][22m[39m [90m[2m(client)[22m[39m [32mhmr update [39m[2m/src/views/Users.vue[22m
[2m15:39:14[22m [36m[1m[vite][22m[39m [90m[2m(client)[22m[39m [32mhmr update [39m[2m/src/views/Users.vue[22m
[2m15:40:21[22m [36m[1m[vite][22m[39m [90m[2m(client)[22m[39m [32mhmr update [39m[2m/src/views/Users.vue[22m
[2m15:41:08[22m [36m[1m[vite][22m[39m [90m[2m(client)[22m[39m [32mhmr update [39m[2m/src/assets/styles/users.css[22m
[2m15:41:13[22m [36m[1m[vite][22m[39m [90m[2m(client)[22m[39m [32mhmr update [39m[2m/src/views/Users.vue[22m
[2m15:43:05[22m [36m[1m[vite][22m[39m [90m[2m(client)[22m[39m [32mhmr update [39m[2m/src/views/Login.vue, /src/views/Register.vue, /src/views/Draft.vue, /src/views/Dashboard.vue, /src/views/Edit.vue, /src/views/Templates.vue, /src/views/Risk.vue, /src/views/Ledger.vue, /src/views/Approval.vue, /src/views/Archive.vue, /src/views/Signature.vue, /src/views/Seal.vue, /src/views/Users.vue, /src/views/Blockchain.vue, /src/views/Fulfillment.vue, /src/views/Audit.vue[22m
[2m15:43:14[22m [36m[1m[vite][22m[39m [90m[2m(client)[22m[39m [32mhmr update [39m[2m/src/views/Login.vue, /src/views/Register.vue, /src/views/Draft.vue, /src/views/Dashboard.vue, /src/views/Edit.vue, /src/views/Templates.vue, /src/views/Risk.vue, /src/views/Ledger.vue, /src/views/Approval.vue, /src/views/Archive.vue, /src/views/Signature.vue, /src/views/Seal.vue, /src/views/Users.vue, /src/views/Blockchain.vue, /src/views/Fulfillment.vue, /src/views/Audit.vue[22m
[2m15:43:21[22m [36m[1m[vite][22m[39m [90m[2m(client)[22m[39m [32mhmr update [39m[2m/src/assets/styles/users.css[22m
[2m15:47:01[22m [36m[1m[vite][22m[39m [90m[2m(client)[22m[39m [32mhmr update [39m[2m/src/views/Users.vue[22m
[2m15:47:26[22m [36m[1m[vite][22m[39m [90m[2m(client)[22m[39m [32mhmr update [39m[2m/src/views/Login.vue, /src/views/Register.vue, /src/views/Draft.vue, /src/views/Dashboard.vue, /src/views/Edit.vue, /src/views/Templates.vue, /src/views/Risk.vue, /src/views/Ledger.vue, /src/views/Approval.vue, /src/views/Archive.vue, /src/views/Signature.vue, /src/views/Seal.vue, /src/views/Users.vue, /src/views/Blockchain.vue, /src/views/Fulfillment.vue, /src/views/Audit.vue[22m
[2m15:47:46[22m [36m[1m[vite][22m[39m [90m[2m(client)[22m[39m [32mhmr update [39m[2m/src/assets/styles/users.css[22m
[2m15:47:56[22m [36m[1m[vite][22m[39m [90m[2m(client)[22m[39m [32mhmr update [39m[2m/src/views/Users.vue[22m
[2m15:50:24[22m [36m[1m[vite][22m[39m [90m[2m(client)[22m[39m [32mhmr update [39m[2m/src/assets/styles/users.css[22m
[2m15:52:12[22m [36m[1m[vite][22m[39m [90m[2m(client)[22m[39m [32mhmr update [39m[2m/src/views/Login.vue, /src/views/Register.vue, /src/views/Draft.vue, /src/views/Dashboard.vue, /src/views/Edit.vue, /src/views/Templates.vue, /src/views/Risk.vue, /src/views/Ledger.vue, /src/views/Approval.vue, /src/views/Archive.vue, /src/views/Signature.vue, /src/views/Seal.vue, /src/views/Users.vue, /src/views/Blockchain.vue, /src/views/Fulfillment.vue, /src/views/Audit.vue[22m
[2m15:52:19[22m [36m[1m[vite][22m[39m [90m[2m(client)[22m[39m [32mhmr update [39m[2m/src/views/Login.vue, /src/views/Register.vue, /src/views/Draft.vue, /src/views/Dashboard.vue, /src/views/Edit.vue, /src/views/Templates.vue, /src/views/Risk.vue, /src/views/Ledger.vue, /src/views/Approval.vue, /src/views/Archive.vue, /src/views/Signature.vue, /src/views/Seal.vue, /src/views/Users.vue, /src/views/Blockchain.vue, /src/views/Fulfillment.vue, /src/views/Audit.vue[22m
[2m15:52:27[22m [36m[1m[vite][22m[39m [90m[2m(client)[22m[39m [32mhmr update [39m[2m/src/views/Login.vue, /src/views/Register.vue, /src/views/Draft.vue, /src/views/Dashboard.vue, /src/views/Edit.vue, /src/views/Templates.vue, /src/views/Risk.vue, /src/views/Ledger.vue, /src/views/Approval.vue, /src/views/Archive.vue, /src/views/Signature.vue, /src/views/Seal.vue, /src/views/Users.vue, /src/views/Blockchain.vue, /src/views/Fulfillment.vue, /src/views/Audit.vue[22m
[2m15:52:27[22m [36m[1m[vite][22m[39m [90m[2m(client)[22m[39m [32mhmr update [39m[2m/src/views/Login.vue, /src/views/Register.vue, /src/views/Draft.vue, /src/views/Dashboard.vue, /src/views/Edit.vue, /src/views/Templates.vue, /src/views/Risk.vue, /src/views/Ledger.vue, /src/views/Approval.vue, /src/views/Archive.vue, /src/views/Signature.vue, /src/views/Seal.vue, /src/views/Users.vue, /src/views/Blockchain.vue, /src/views/Fulfillment.vue, /src/views/Audit.vue[22m
[2m15:52:37[22m [36m[1m[vite][22m[39m [90m[2m(client)[22m[39m [32mhmr update [39m[2m/src/assets/styles/users.css[22m
[2m15:53:01[22m [36m[1m[vite][22m[39m [90m[2m(client)[22m[39m [32mhmr update [39m[2m/src/assets/styles/users.css[22m
[2m15:54:07[22m [36m[1m[vite][22m[39m [90m[2m(client)[22m[39m [32mhmr update [39m[2m/src/assets/styles/users.css[22m
[2m15:56:02[22m [36m[1m[vite][22m[39m [90m[2m(client)[22m[39m [32mhmr update [39m[2m/src/views/Login.vue, /src/views/Register.vue, /src/views/Draft.vue, /src/views/Dashboard.vue, /src/views/Edit.vue, /src/views/Templates.vue, /src/views/Risk.vue, /src/views/Ledger.vue, /src/views/Approval.vue, /src/views/Archive.vue, /src/views/Signature.vue, /src/views/Seal.vue, /src/views/Users.vue, /src/views/Blockchain.vue, /src/views/Fulfillment.vue, /src/views/Audit.vue[22m
[2m15:56:09[22m [36m[1m[vite][22m[39m [90m[2m(client)[22m[39m [32mhmr update [39m[2m/src/views/Login.vue, /src/views/Register.vue, /src/views/Draft.vue, /src/views/Dashboard.vue, /src/views/Edit.vue, /src/views/Templates.vue, /src/views/Risk.vue, /src/views/Ledger.vue, /src/views/Approval.vue, /src/views/Archive.vue, /src/views/Signature.vue, /src/views/Seal.vue, /src/views/Users.vue, /src/views/Blockchain.vue, /src/views/Fulfillment.vue, /src/views/Audit.vue[22m
[2m18:14:39[22m [36m[1m[vite][22m[39m [90m[2m(client)[22m[39m [32mhmr update [39m[2m/src/views/Login.vue, /src/views/Register.vue, /src/views/Draft.vue, /src/views/Dashboard.vue, /src/views/Edit.vue, /src/views/Templates.vue, /src/views/Risk.vue, /src/views/Ledger.vue, /src/views/Approval.vue, /src/views/Archive.vue, /src/views/Signature.vue, /src/views/Seal.vue, /src/views/Users.vue, /src/views/Blockchain.vue, /src/views/Fulfillment.vue, /src/views/Audit.vue[22m
[2m18:14:39[22m [36m[1m[vite][22m[39m [90m[2m(client)[22m[39m [32mhmr update [39m[2m/src/views/Login.vue, /src/views/Register.vue, /src/views/Draft.vue, /src/views/Dashboard.vue, /src/views/Edit.vue, /src/views/Templates.vue, /src/views/Risk.vue, /src/views/Ledger.vue, /src/views/Approval.vue, /src/views/Archive.vue, /src/views/Signature.vue, /src/views/Seal.vue, /src/views/Users.vue, /src/views/Blockchain.vue, /src/views/Fulfillment.vue, /src/views/Audit.vue[22m
[2m18:14:44[22m [36m[1m[vite][22m[39m [90m[2m(client)[22m[39m [32mhmr update [39m[2m/src/views/Login.vue, /src/views/Register.vue, /src/views/Draft.vue, /src/views/Dashboard.vue, /src/views/Edit.vue, /src/views/Templates.vue, /src/views/Risk.vue, /src/views/Ledger.vue, /src/views/Approval.vue, /src/views/Archive.vue, /src/views/Signature.vue, /src/views/Seal.vue, /src/views/Users.vue, /src/views/Blockchain.vue, /src/views/Fulfillment.vue, /src/views/Audit.vue[22m
[2m18:31:01[22m [36m[1m[vite][22m[39m [90m[2m(client)[22m[39m [32mpage reload [39m[2msrc/legacy/common-globals.js[22m
[2m18:31:05[22m [36m[1m[vite][22m[39m [90m[2m(client)[22m[39m [32mhmr update [39m[2m/src/views/Login.vue, /src/views/Register.vue, /src/views/Draft.vue, /src/views/Dashboard.vue, /src/views/Edit.vue, /src/views/Templates.vue, /src/views/Risk.vue, /src/views/Ledger.vue, /src/views/Approval.vue, /src/views/Archive.vue, /src/views/Signature.vue, /src/views/Seal.vue, /src/views/Users.vue, /src/views/Blockchain.vue, /src/views/Fulfillment.vue, /src/views/Audit.vue[22m
[2m18:31:09[22m [36m[1m[vite][22m[39m [90m[2m(client)[22m[39m [32mhmr update [39m[2m/src/views/Login.vue, /src/views/Register.vue, /src/views/Draft.vue, /src/views/Dashboard.vue, /src/views/Edit.vue, /src/views/Templates.vue, /src/views/Risk.vue, /src/views/Ledger.vue, /src/views/Approval.vue, /src/views/Archive.vue, /src/views/Signature.vue, /src/views/Seal.vue, /src/views/Users.vue, /src/views/Blockchain.vue, /src/views/Fulfillment.vue, /src/views/Audit.vue[22m
[2m18:31:14[22m [36m[1m[vite][22m[39m [90m[2m(client)[22m[39m [32mhmr update [39m[2m/src/assets/styles/dashboard.css[22m
[2m18:31:33[22m [36m[1m[vite][22m[39m [90m[2m(client)[22m[39m [32mpage reload [39m[2msrc/legacy/common-globals.js[22m
[2m18:31:40[22m [36m[1m[vite][22m[39m [90m[2m(client)[22m[39m [32mhmr update [39m[2m/src/views/Login.vue, /src/views/Register.vue, /src/views/Draft.vue, /src/views/Dashboard.vue, /src/views/Edit.vue, /src/views/Templates.vue, /src/views/Risk.vue, /src/views/Ledger.vue, /src/views/Approval.vue, /src/views/Archive.vue, /src/views/Signature.vue, /src/views/Seal.vue, /src/views/Users.vue, /src/views/Blockchain.vue, /src/views/Fulfillment.vue, /src/views/Audit.vue[22m
[2m18:34:27[22m [36m[1m[vite][22m[39m [90m[2m(client)[22m[39m [32mpage reload [39m[2msrc/legacy/common-globals.js[22m
[2m18:34:33[22m [36m[1m[vite][22m[39m [90m[2m(client)[22m[39m [32mhmr update [39m[2m/src/views/Login.vue, /src/views/Register.vue, /src/views/Draft.vue, /src/views/Dashboard.vue, /src/views/Edit.vue, /src/views/Templates.vue, /src/views/Risk.vue, /src/views/Ledger.vue, /src/views/Approval.vue, /src/views/Archive.vue, /src/views/Signature.vue, /src/views/Seal.vue, /src/views/Users.vue, /src/views/Blockchain.vue, /src/views/Fulfillment.vue, /src/views/Audit.vue[22m
[2m18:34:33[22m [36m[1m[vite][22m[39m [90m[2m(client)[22m[39m [32mhmr update [39m[2m/src/views/Login.vue, /src/views/Register.vue, /src/views/Draft.vue, /src/views/Dashboard.vue, /src/views/Edit.vue, /src/views/Templates.vue, /src/views/Risk.vue, /src/views/Ledger.vue, /src/views/Approval.vue, /src/views/Archive.vue, /src/views/Signature.vue, /src/views/Seal.vue, /src/views/Users.vue, /src/views/Blockchain.vue, /src/views/Fulfillment.vue, /src/views/Audit.vue[22m
[2m18:48:24[22m [36m[1m[vite][22m[39m [90m[2m(client)[22m[39m [32mpage reload [39m[2msrc/legacy/common-globals.js[22m
[2m18:48:24[22m [36m[1m[vite][22m[39m [90m[2m(client)[22m[39m [32mpage reload [39m[2msrc/legacy/common-globals.js[22m
[2m18:48:31[22m [36m[1m[vite][22m[39m [90m[2m(client)[22m[39m [32mhmr update [39m[2m/src/views/Login.vue, /src/views/Register.vue, /src/views/Draft.vue, /src/views/Dashboard.vue, /src/views/Edit.vue, /src/views/Templates.vue, /src/views/Risk.vue, /src/views/Ledger.vue, /src/views/Approval.vue, /src/views/Archive.vue, /src/views/Signature.vue, /src/views/Seal.vue, /src/views/Users.vue, /src/views/Blockchain.vue, /src/views/Fulfillment.vue, /src/views/Audit.vue[22m
[2m19:13:15[22m [36m[1m[vite][22m[39m [90m[2m(client)[22m[39m [32mpage reload [39m[2msrc/legacy/common-globals.js[22m
[2m19:13:30[22m [36m[1m[vite][22m[39m [90m[2m(client)[22m[39m [32mpage reload [39m[2msrc/legacy/common-globals.js[22m
[2m19:14:08[22m [36m[1m[vite][22m[39m [90m[2m(client)[22m[39m [32mhmr update [39m[2m/src/views/Login.vue, /src/views/Register.vue, /src/views/Draft.vue, /src/views/Dashboard.vue, /src/views/Edit.vue, /src/views/Templates.vue, /src/views/Risk.vue, /src/views/Ledger.vue, /src/views/Approval.vue, /src/views/Archive.vue, /src/views/Signature.vue, /src/views/Seal.vue, /src/views/Users.vue, /src/views/Blockchain.vue, /src/views/Fulfillment.vue, /src/views/Audit.vue[22m
[2m19:14:13[22m [36m[1m[vite][22m[39m [90m[2m(client)[22m[39m [32mhmr update [39m[2m/src/views/Login.vue, /src/views/Register.vue, /src/views/Draft.vue, /src/views/Dashboard.vue, /src/views/Edit.vue, /src/views/Templates.vue, /src/views/Risk.vue, /src/views/Ledger.vue, /src/views/Approval.vue, /src/views/Archive.vue, /src/views/Signature.vue, /src/views/Seal.vue, /src/views/Users.vue, /src/views/Blockchain.vue, /src/views/Fulfillment.vue, /src/views/Audit.vue[22m
[2m19:17:15[22m [36m[1m[vite][22m[39m [90m[2m(client)[22m[39m [32mhmr update [39m[2m/src/views/Login.vue, /src/views/Register.vue, /src/views/Draft.vue, /src/views/Dashboard.vue, /src/views/Edit.vue, /src/views/Templates.vue, /src/views/Risk.vue, /src/views/Ledger.vue, /src/views/Approval.vue, /src/views/Archive.vue, /src/views/Signature.vue, /src/views/Seal.vue, /src/views/Users.vue, /src/views/Blockchain.vue, /src/views/Fulfillment.vue, /src/views/Audit.vue[22m
[2m19:17:34[22m [36m[1m[vite][22m[39m [90m[2m(client)[22m[39m [32mhmr update [39m[2m/src/views/Login.vue, /src/views/Register.vue, /src/views/Draft.vue, /src/views/Dashboard.vue, /src/views/Edit.vue, /src/views/Templates.vue, /src/views/Risk.vue, /src/views/Ledger.vue, /src/views/Approval.vue, /src/views/Archive.vue, /src/views/Signature.vue, /src/views/Seal.vue, /src/views/Users.vue, /src/views/Blockchain.vue, /src/views/Fulfillment.vue, /src/views/Audit.vue[22m
[2m19:17:53[22m [36m[1m[vite][22m[39m [90m[2m(client)[22m[39m [32mhmr update [39m[2m/src/views/Login.vue, /src/views/Register.vue, /src/views/Draft.vue, /src/views/Dashboard.vue, /src/views/Edit.vue, /src/views/Templates.vue, /src/views/Risk.vue, /src/views/Ledger.vue, /src/views/Approval.vue, /src/views/Archive.vue, /src/views/Signature.vue, /src/views/Seal.vue, /src/views/Users.vue, /src/views/Blockchain.vue, /src/views/Fulfillment.vue, /src/views/Audit.vue[22m
[2m19:23:32[22m [36m[1m[vite][22m[39m [90m[2m(client)[22m[39m [32mpage reload [39m[2msrc/legacy/common-globals.js[22m
[2m19:23:44[22m [36m[1m[vite][22m[39m [90m[2m(client)[22m[39m [32mhmr update [39m[2m/src/views/Login.vue, /src/views/Register.vue, /src/views/Draft.vue, /src/views/Dashboard.vue, /src/views/Edit.vue, /src/views/Templates.vue, /src/views/Risk.vue, /src/views/Ledger.vue, /src/views/Approval.vue, /src/views/Archive.vue, /src/views/Signature.vue, /src/views/Seal.vue, /src/views/Users.vue, /src/views/Blockchain.vue, /src/views/Fulfillment.vue, /src/views/Audit.vue[22m
[2m19:23:52[22m [36m[1m[vite][22m[39m [90m[2m(client)[22m[39m [32mhmr update [39m[2m/src/views/Login.vue, /src/views/Register.vue, /src/views/Draft.vue, /src/views/Dashboard.vue, /src/views/Edit.vue, /src/views/Templates.vue, /src/views/Risk.vue, /src/views/Ledger.vue, /src/views/Approval.vue, /src/views/Archive.vue, /src/views/Signature.vue, /src/views/Seal.vue, /src/views/Users.vue, /src/views/Blockchain.vue, /src/views/Fulfillment.vue, /src/views/Audit.vue[22m
[2m19:33:00[22m [36m[1m[vite][22m[39m [90m[2m(client)[22m[39m [32mhmr update [39m[2m/src/views/Login.vue, /src/views/Register.vue, /src/views/Draft.vue, /src/views/Dashboard.vue, /src/views/Edit.vue, /src/views/Templates.vue, /src/views/Risk.vue, /src/views/Ledger.vue, /src/views/Approval.vue, /src/views/Archive.vue, /src/views/Signature.vue, /src/views/Seal.vue, /src/views/Users.vue, /src/views/Blockchain.vue, /src/views/Fulfillment.vue, /src/views/Audit.vue[22m
[2m19:33:14[22m [36m[1m[vite][22m[39m [90m[2m(client)[22m[39m [32mpage reload [39m[2msrc/legacy/common-globals.js[22m
